2024-03-15 17:16:23,537 [Worker-2: Loading available Gradle versions] INFO  o.e.b.c.i.u.g.PublishedGradleVersions - Gradle version information cache is up-to-date. Trying to read.
2024-03-15 17:39:20,549 [Worker-8: Loading available Gradle versions] INFO  o.e.b.c.i.u.g.PublishedGradleVersions - Gradle version information cache is up-to-date. Trying to read.
2024-03-15 17:42:01,153 [Worker-5: Building] INFO  o.e.m.c.i.l.LifecycleMappingFactory - Using org.maven.ide.eclipse.wtp.WarLifecycleMapping lifecycle mapping for MavenProject: com.smhrd:MavenSample01:0.0.1-SNAPSHOT @ C:\Users\SMHRD\Desktop\JSPstudy\MavenSample01\pom.xml.
2024-03-15 17:42:01,314 [Worker-5: Building] INFO  o.e.m.c.i.e.AbstractTransferListenerAdapter - Downloading https://repo.maven.apache.org/maven2/mysql/mysql-connector-java/8.0.28/mysql-connector-java-8.0.28.pom
2024-03-15 17:42:01,324 [Worker-5: Building] INFO  o.e.m.c.i.e.AbstractTransferListenerAdapter - Downloaded https://repo.maven.apache.org/maven2/mysql/mysql-connector-java/8.0.28/mysql-connector-java-8.0.28.pom
2024-03-15 17:42:01,342 [Worker-5: Building] INFO  o.e.m.c.i.e.AbstractTransferListenerAdapter - Downloading https://repo.maven.apache.org/maven2/com/google/protobuf/protobuf-java/3.11.4/protobuf-java-3.11.4.pom
2024-03-15 17:42:01,345 [Worker-5: Building] INFO  o.e.m.c.i.e.AbstractTransferListenerAdapter - Downloaded https://repo.maven.apache.org/maven2/com/google/protobuf/protobuf-java/3.11.4/protobuf-java-3.11.4.pom
2024-03-15 17:42:01,364 [Worker-5: Building] INFO  o.e.m.c.i.e.AbstractTransferListenerAdapter - Downloading https://repo.maven.apache.org/maven2/com/google/protobuf/protobuf-parent/3.11.4/protobuf-parent-3.11.4.pom
2024-03-15 17:42:01,368 [Worker-5: Building] INFO  o.e.m.c.i.e.AbstractTransferListenerAdapter - Downloaded https://repo.maven.apache.org/maven2/com/google/protobuf/protobuf-parent/3.11.4/protobuf-parent-3.11.4.pom
2024-03-15 17:42:01,390 [Worker-5: Building] INFO  o.e.m.c.i.e.AbstractTransferListenerAdapter - Downloading https://repo.maven.apache.org/maven2/com/google/protobuf/protobuf-bom/3.11.4/protobuf-bom-3.11.4.pom
2024-03-15 17:42:01,392 [Worker-5: Building] INFO  o.e.m.c.i.e.AbstractTransferListenerAdapter - Downloaded https://repo.maven.apache.org/maven2/com/google/protobuf/protobuf-bom/3.11.4/protobuf-bom-3.11.4.pom
2024-03-15 17:42:01,456 [Worker-5: Building] INFO  o.e.m.c.i.e.AbstractTransferListenerAdapter - Downloading https://repo.maven.apache.org/maven2/mysql/mysql-connector-java/8.0.28/mysql-connector-java-8.0.28.jar
2024-03-15 17:42:01,538 [Worker-5: Building] INFO  o.e.m.c.i.e.AbstractTransferListenerAdapter - Downloaded https://repo.maven.apache.org/maven2/mysql/mysql-connector-java/8.0.28/mysql-connector-java-8.0.28.jar
2024-03-15 17:42:01,552 [BasicRepositoryConnector-repo.maven.apache.org-0-0] INFO  o.e.m.c.i.e.AbstractTransferListenerAdapter - Downloading https://repo.maven.apache.org/maven2/com/google/protobuf/protobuf-java/3.11.4/protobuf-java-3.11.4.jar
2024-03-15 17:42:01,574 [BasicRepositoryConnector-repo.maven.apache.org-0-0] INFO  o.e.m.c.i.e.AbstractTransferListenerAdapter - Downloaded https://repo.maven.apache.org/maven2/com/google/protobuf/protobuf-java/3.11.4/protobuf-java-3.11.4.jar
2024-03-15 17:42:03,259 [Worker-5: Building] INFO  o.e.m.c.i.embedder.EclipseLogger - Using 'UTF-8' encoding to copy filtered resources.
2024-03-15 17:42:03,262 [Worker-5: Building] INFO  o.e.m.c.i.embedder.EclipseLogger - Copying 0 resource
2024-03-15 17:42:03,265 [Worker-5: Building] INFO  o.e.m.c.i.embedder.EclipseLogger - Using 'UTF-8' encoding to copy filtered resources.
2024-03-15 17:42:03,266 [Worker-5: Building] INFO  o.e.m.c.i.embedder.EclipseLogger - Copying 0 resource
2024-03-15 17:42:03,785 [Worker-24: Download sources and javadoc] INFO  o.e.m.c.i.e.AbstractTransferListenerAdapter - Downloading https://repo.maven.apache.org/maven2/mysql/mysql-connector-java/8.0.28/mysql-connector-java-8.0.28-sources.jar
2024-03-15 17:42:03,854 [Worker-24: Download sources and javadoc] INFO  o.e.m.c.i.e.AbstractTransferListenerAdapter - Downloaded https://repo.maven.apache.org/maven2/mysql/mysql-connector-java/8.0.28/mysql-connector-java-8.0.28-sources.jar
2024-03-15 17:42:03,858 [Worker-24: Download sources and javadoc] INFO  o.e.m.j.internal.DownloadSourcesJob - Downloaded sources for mysql:mysql-connector-java:8.0.28
2024-03-15 17:42:03,904 [Worker-24: Download sources and javadoc] INFO  o.e.m.c.i.e.AbstractTransferListenerAdapter - Downloading https://repo.maven.apache.org/maven2/com/google/protobuf/protobuf-java/3.11.4/protobuf-java-3.11.4-sources.jar
2024-03-15 17:42:03,968 [Worker-24: Download sources and javadoc] INFO  o.e.m.c.i.e.AbstractTransferListenerAdapter - Downloaded https://repo.maven.apache.org/maven2/com/google/protobuf/protobuf-java/3.11.4/protobuf-java-3.11.4-sources.jar
2024-03-15 17:42:03,972 [Worker-24: Download sources and javadoc] INFO  o.e.m.j.internal.DownloadSourcesJob - Downloaded sources for com.google.protobuf:protobuf-java:3.11.4
2024-03-15 17:42:04,984 [Worker-23: Building] INFO  o.e.m.c.i.l.LifecycleMappingFactory - Using org.maven.ide.eclipse.wtp.WarLifecycleMapping lifecycle mapping for MavenProject: com.smhrd:MavenSample02:0.0.1-SNAPSHOT @ C:\Users\SMHRD\Desktop\JSPstudy\MavenSample02\pom.xml.
2024-03-15 17:42:05,029 [Worker-23: Building] INFO  o.e.m.c.i.e.AbstractTransferListenerAdapter - Downloading https://repo.maven.apache.org/maven2/org/mybatis/mybatis/3.5.6/mybatis-3.5.6.pom
2024-03-15 17:42:05,035 [Worker-23: Building] INFO  o.e.m.c.i.e.AbstractTransferListenerAdapter - Downloaded https://repo.maven.apache.org/maven2/org/mybatis/mybatis/3.5.6/mybatis-3.5.6.pom
2024-03-15 17:42:05,072 [Worker-23: Building] INFO  o.e.m.c.i.e.AbstractTransferListenerAdapter - Downloading https://repo.maven.apache.org/maven2/org/mybatis/mybatis-parent/32/mybatis-parent-32.pom
2024-03-15 17:42:05,084 [Worker-23: Building] INFO  o.e.m.c.i.e.AbstractTransferListenerAdapter - Downloaded https://repo.maven.apache.org/maven2/org/mybatis/mybatis-parent/32/mybatis-parent-32.pom
2024-03-15 17:42:05,224 [Worker-23: Building] INFO  o.e.m.c.i.e.AbstractTransferListenerAdapter - Downloading https://repo.maven.apache.org/maven2/org/mybatis/mybatis/3.5.6/mybatis-3.5.6.jar
2024-03-15 17:42:05,274 [Worker-23: Building] INFO  o.e.m.c.i.e.AbstractTransferListenerAdapter - Downloaded https://repo.maven.apache.org/maven2/org/mybatis/mybatis/3.5.6/mybatis-3.5.6.jar
2024-03-15 17:42:06,432 [Worker-23: Building] WARN  o.a.m.s.f.DefaultMavenResourcesFiltering - Using platform encoding (MS949 actually) to copy filtered resources, i.e. build is platform dependent!
2024-03-15 17:42:06,433 [Worker-23: Building] INFO  o.a.m.s.f.DefaultMavenResourcesFiltering - skip non existing resourceDirectory C:\Users\SMHRD\Desktop\JSPstudy\MavenSample02\src\main\resources
2024-03-15 17:42:06,437 [Worker-23: Building] WARN  o.a.m.s.f.DefaultMavenResourcesFiltering - Using platform encoding (MS949 actually) to copy filtered resources, i.e. build is platform dependent!
2024-03-15 17:42:06,438 [Worker-23: Building] INFO  o.a.m.s.f.DefaultMavenResourcesFiltering - skip non existing resourceDirectory C:\Users\SMHRD\Desktop\JSPstudy\MavenSample02\src\test\resources
2024-03-15 17:42:06,920 [Worker-42: Building] INFO  o.e.m.c.i.l.LifecycleMappingFactory - Using org.maven.ide.eclipse.wtp.WarLifecycleMapping lifecycle mapping for MavenProject: com.smhrd:MavenSample02:0.0.1-SNAPSHOT @ C:\Users\SMHRD\Desktop\JSPstudy\MavenSample03\pom.xml.
2024-03-15 17:42:06,981 [Worker-42: Building] WARN  o.a.m.s.f.DefaultMavenResourcesFiltering - Using platform encoding (MS949 actually) to copy filtered resources, i.e. build is platform dependent!
2024-03-15 17:42:06,983 [Worker-42: Building] INFO  o.a.m.s.f.DefaultMavenResourcesFiltering - skip non existing resourceDirectory C:\Users\SMHRD\Desktop\JSPstudy\MavenSample03\src\main\resources
2024-03-15 17:42:06,986 [Worker-42: Building] WARN  o.a.m.s.f.DefaultMavenResourcesFiltering - Using platform encoding (MS949 actually) to copy filtered resources, i.e. build is platform dependent!
2024-03-15 17:42:06,988 [Worker-42: Building] INFO  o.a.m.s.f.DefaultMavenResourcesFiltering - skip non existing resourceDirectory C:\Users\SMHRD\Desktop\JSPstudy\MavenSample03\src\test\resources
2024-03-15 17:42:07,161 [Worker-42: Building] INFO  o.e.m.c.i.l.LifecycleMappingFactory - Using org.maven.ide.eclipse.wtp.WarLifecycleMapping lifecycle mapping for MavenProject: com.smhrd:MavenSample02:0.0.1-SNAPSHOT @ C:\Users\SMHRD\Desktop\JSPstudy\MavenSample03_FrontController\pom.xml.
2024-03-15 17:42:07,256 [Worker-42: Building] WARN  o.a.m.s.f.DefaultMavenResourcesFiltering - Using platform encoding (MS949 actually) to copy filtered resources, i.e. build is platform dependent!
2024-03-15 17:42:07,259 [Worker-42: Building] INFO  o.a.m.s.f.DefaultMavenResourcesFiltering - skip non existing resourceDirectory C:\Users\SMHRD\Desktop\JSPstudy\MavenSample03_FrontController\src\main\resources
2024-03-15 17:42:07,265 [Worker-42: Building] WARN  o.a.m.s.f.DefaultMavenResourcesFiltering - Using platform encoding (MS949 actually) to copy filtered resources, i.e. build is platform dependent!
2024-03-15 17:42:07,267 [Worker-42: Building] INFO  o.a.m.s.f.DefaultMavenResourcesFiltering - skip non existing resourceDirectory C:\Users\SMHRD\Desktop\JSPstudy\MavenSample03_FrontController\src\test\resources
2024-03-15 17:42:07,456 [Worker-42: Building] INFO  o.e.m.c.i.l.LifecycleMappingFactory - Using org.maven.ide.eclipse.wtp.WarLifecycleMapping lifecycle mapping for MavenProject: com.smhrd:MavenSample02:0.0.1-SNAPSHOT @ C:\Users\SMHRD\Desktop\JSPstudy\MavenSample04_Final\pom.xml.
2024-03-15 17:42:07,537 [Worker-44: Download sources and javadoc] INFO  o.e.m.c.i.e.AbstractTransferListenerAdapter - Downloading https://repo.maven.apache.org/maven2/org/mybatis/mybatis/3.5.6/mybatis-3.5.6-sources.jar
2024-03-15 17:42:07,573 [Worker-44: Download sources and javadoc] INFO  o.e.m.c.i.e.AbstractTransferListenerAdapter - Downloaded https://repo.maven.apache.org/maven2/org/mybatis/mybatis/3.5.6/mybatis-3.5.6-sources.jar
2024-03-15 17:42:07,578 [Worker-44: Download sources and javadoc] INFO  o.e.m.j.internal.DownloadSourcesJob - Downloaded sources for org.mybatis:mybatis:3.5.6
2024-03-15 17:42:07,590 [Worker-44: Download sources and javadoc] INFO  o.e.m.j.internal.DownloadSourcesJob - Downloaded sources for org.mybatis:mybatis:3.5.6
2024-03-15 17:42:07,603 [Worker-44: Download sources and javadoc] INFO  o.e.m.j.internal.DownloadSourcesJob - Downloaded sources for org.mybatis:mybatis:3.5.6
2024-03-15 17:42:07,684 [Worker-42: Building] WARN  o.a.m.s.f.DefaultMavenResourcesFiltering - Using platform encoding (MS949 actually) to copy filtered resources, i.e. build is platform dependent!
2024-03-15 17:42:07,686 [Worker-42: Building] INFO  o.a.m.s.f.DefaultMavenResourcesFiltering - skip non existing resourceDirectory C:\Users\SMHRD\Desktop\JSPstudy\MavenSample04_Final\src\main\resources
2024-03-15 17:42:07,690 [Worker-42: Building] WARN  o.a.m.s.f.DefaultMavenResourcesFiltering - Using platform encoding (MS949 actually) to copy filtered resources, i.e. build is platform dependent!
2024-03-15 17:42:07,692 [Worker-42: Building] INFO  o.a.m.s.f.DefaultMavenResourcesFiltering - skip non existing resourceDirectory C:\Users\SMHRD\Desktop\JSPstudy\MavenSample04_Final\src\test\resources
2024-03-15 17:49:46,425 [Worker-23: Updating Maven Project] INFO  o.e.m.c.i.p.ProjectConfigurationManager - Update started
2024-03-15 17:49:46,638 [Worker-23: Updating Maven Project] INFO  o.e.m.c.i.l.LifecycleMappingFactory - Using org.maven.ide.eclipse.wtp.WarLifecycleMapping lifecycle mapping for MavenProject: com.smhrd:MavenSample01:0.0.1-SNAPSHOT @ C:\Users\SMHRD\Desktop\JSPstudy\MavenSample01\pom.xml.
2024-03-15 17:49:46,711 [Worker-23: Updating Maven Project] INFO  o.e.m.c.i.l.LifecycleMappingFactory - Using org.maven.ide.eclipse.wtp.WarLifecycleMapping lifecycle mapping for MavenProject: com.smhrd:MavenSample02:0.0.1-SNAPSHOT @ C:\Users\SMHRD\Desktop\JSPstudy\MavenSample02\pom.xml.
2024-03-15 17:49:46,741 [Worker-23: Updating Maven Project] INFO  o.e.m.c.i.l.LifecycleMappingFactory - Using org.maven.ide.eclipse.wtp.WarLifecycleMapping lifecycle mapping for MavenProject: com.smhrd:MavenSample02:0.0.1-SNAPSHOT @ C:\Users\SMHRD\Desktop\JSPstudy\MavenSample03\pom.xml.
2024-03-15 17:49:46,768 [Worker-23: Updating Maven Project] INFO  o.e.m.c.i.l.LifecycleMappingFactory - Using org.maven.ide.eclipse.wtp.WarLifecycleMapping lifecycle mapping for MavenProject: com.smhrd:MavenSample02:0.0.1-SNAPSHOT @ C:\Users\SMHRD\Desktop\JSPstudy\MavenSample03_FrontController\pom.xml.
2024-03-15 17:49:46,796 [Worker-23: Updating Maven Project] INFO  o.e.m.c.i.l.LifecycleMappingFactory - Using org.maven.ide.eclipse.wtp.WarLifecycleMapping lifecycle mapping for MavenProject: com.smhrd:MavenSample02:0.0.1-SNAPSHOT @ C:\Users\SMHRD\Desktop\JSPstudy\MavenSample04_Final\pom.xml.
2024-03-15 17:49:47,280 [Worker-23: Updating Maven Project] INFO  o.e.m.j.i.AbstractJavaProjectConfigurator - Adding source folder /MavenSample01/src/main/java
2024-03-15 17:49:47,280 [Worker-23: Updating Maven Project] INFO  o.e.m.j.i.AbstractJavaProjectConfigurator - Adding resource folder /MavenSample01/src/main/resources
2024-03-15 17:49:47,296 [Worker-23: Updating Maven Project] INFO  o.e.m.j.i.AbstractJavaProjectConfigurator - Adding source folder /MavenSample01/src/test/java
2024-03-15 17:49:47,297 [Worker-23: Updating Maven Project] INFO  o.e.m.j.i.AbstractJavaProjectConfigurator - Adding resource folder /MavenSample01/src/test/resources
2024-03-15 17:49:47,597 [Worker-23: Updating Maven Project] INFO  o.e.m.j.i.AbstractJavaProjectConfigurator - Adding source folder /MavenSample02/src/main/java
2024-03-15 17:49:47,597 [Worker-23: Updating Maven Project] INFO  o.e.m.j.i.AbstractJavaProjectConfigurator - Adding resource folder /MavenSample02/src/main/resources
2024-03-15 17:49:47,598 [Worker-23: Updating Maven Project] INFO  o.e.m.j.i.AbstractJavaProjectConfigurator - Adding source folder /MavenSample02/src/test/java
2024-03-15 17:49:47,598 [Worker-23: Updating Maven Project] INFO  o.e.m.j.i.AbstractJavaProjectConfigurator - Adding resource folder /MavenSample02/src/test/resources
2024-03-15 17:49:47,683 [Worker-23: Updating Maven Project] INFO  o.e.m.j.i.AbstractJavaProjectConfigurator - Adding source folder /MavenSample03/src/main/java
2024-03-15 17:49:47,683 [Worker-23: Updating Maven Project] INFO  o.e.m.j.i.AbstractJavaProjectConfigurator - Adding resource folder /MavenSample03/src/main/resources
2024-03-15 17:49:47,683 [Worker-23: Updating Maven Project] INFO  o.e.m.j.i.AbstractJavaProjectConfigurator - Adding source folder /MavenSample03/src/test/java
2024-03-15 17:49:47,683 [Worker-23: Updating Maven Project] INFO  o.e.m.j.i.AbstractJavaProjectConfigurator - Adding resource folder /MavenSample03/src/test/resources
2024-03-15 17:49:47,747 [Worker-23: Updating Maven Project] INFO  o.e.m.j.i.AbstractJavaProjectConfigurator - Adding source folder /MavenSample03_FrontController/src/main/java
2024-03-15 17:49:47,747 [Worker-23: Updating Maven Project] INFO  o.e.m.j.i.AbstractJavaProjectConfigurator - Adding resource folder /MavenSample03_FrontController/src/main/resources
2024-03-15 17:49:47,747 [Worker-23: Updating Maven Project] INFO  o.e.m.j.i.AbstractJavaProjectConfigurator - Adding source folder /MavenSample03_FrontController/src/test/java
2024-03-15 17:49:47,747 [Worker-23: Updating Maven Project] INFO  o.e.m.j.i.AbstractJavaProjectConfigurator - Adding resource folder /MavenSample03_FrontController/src/test/resources
2024-03-15 17:49:47,810 [Worker-23: Updating Maven Project] INFO  o.e.m.j.i.AbstractJavaProjectConfigurator - Adding source folder /MavenSample04_Final/src/main/java
2024-03-15 17:49:47,810 [Worker-23: Updating Maven Project] INFO  o.e.m.j.i.AbstractJavaProjectConfigurator - Adding resource folder /MavenSample04_Final/src/main/resources
2024-03-15 17:49:47,810 [Worker-23: Updating Maven Project] INFO  o.e.m.j.i.AbstractJavaProjectConfigurator - Adding source folder /MavenSample04_Final/src/test/java
2024-03-15 17:49:47,810 [Worker-23: Updating Maven Project] INFO  o.e.m.j.i.AbstractJavaProjectConfigurator - Adding resource folder /MavenSample04_Final/src/test/resources
2024-03-15 17:49:48,056 [Worker-23: Updating Maven Project] INFO  o.e.m.w.i.f.ResourceFilteringBuildParticipant - Cleaning filtered folder for MavenSample01
2024-03-15 17:49:48,078 [Worker-23: Updating Maven Project] INFO  o.e.m.w.i.f.ResourceFilteringBuildParticipant - Cleaning filtered folder for MavenSample02
2024-03-15 17:49:48,095 [Worker-23: Updating Maven Project] INFO  o.e.m.w.i.f.ResourceFilteringBuildParticipant - Cleaning filtered folder for MavenSample03
2024-03-15 17:49:48,111 [Worker-23: Updating Maven Project] INFO  o.e.m.w.i.f.ResourceFilteringBuildParticipant - Cleaning filtered folder for MavenSample03_FrontController
2024-03-15 17:49:48,127 [Worker-23: Updating Maven Project] INFO  o.e.m.w.i.f.ResourceFilteringBuildParticipant - Cleaning filtered folder for MavenSample04_Final
2024-03-15 17:49:48,136 [Worker-23: Updating Maven Project] INFO  o.e.m.c.i.p.ProjectConfigurationManager - Update completed for 5 poms: local refresh takes 0.00 sec, refresh facades takes 0.00 sec, update config takes 0.00 sec 
2024-03-15 17:49:48,365 [Worker-48: Building] INFO  o.e.m.c.i.embedder.EclipseLogger - Using 'UTF-8' encoding to copy filtered resources.
2024-03-15 17:49:48,366 [Worker-48: Building] INFO  o.e.m.c.i.embedder.EclipseLogger - Copying 0 resource
2024-03-15 17:49:48,368 [Worker-48: Building] INFO  o.e.m.c.i.embedder.EclipseLogger - Using 'UTF-8' encoding to copy filtered resources.
2024-03-15 17:49:48,369 [Worker-48: Building] INFO  o.e.m.c.i.embedder.EclipseLogger - Copying 0 resource
2024-03-15 17:49:48,369 [Worker-48: Building] INFO  o.e.m.w.i.f.ResourceFilteringBuildParticipant - Changed resources require a complete clean of filtered resources of MavenSample01
2024-03-15 17:49:48,369 [Worker-48: Building] INFO  o.e.m.w.i.f.ResourceFilteringBuildParticipant - Executing resource filtering for MavenSample01
2024-03-15 17:49:48,891 [Worker-46: Building] WARN  o.a.m.s.f.DefaultMavenResourcesFiltering - Using platform encoding (MS949 actually) to copy filtered resources, i.e. build is platform dependent!
2024-03-15 17:49:48,892 [Worker-46: Building] INFO  o.a.m.s.f.DefaultMavenResourcesFiltering - skip non existing resourceDirectory C:\Users\SMHRD\Desktop\JSPstudy\MavenSample02\src\main\resources
2024-03-15 17:49:48,896 [Worker-46: Building] WARN  o.a.m.s.f.DefaultMavenResourcesFiltering - Using platform encoding (MS949 actually) to copy filtered resources, i.e. build is platform dependent!
2024-03-15 17:49:48,898 [Worker-46: Building] INFO  o.a.m.s.f.DefaultMavenResourcesFiltering - skip non existing resourceDirectory C:\Users\SMHRD\Desktop\JSPstudy\MavenSample02\src\test\resources
2024-03-15 17:49:48,898 [Worker-46: Building] INFO  o.e.m.w.i.f.ResourceFilteringBuildParticipant - Changed resources require a complete clean of filtered resources of MavenSample02
2024-03-15 17:49:48,898 [Worker-46: Building] INFO  o.e.m.w.i.f.ResourceFilteringBuildParticipant - Executing resource filtering for MavenSample02
2024-03-15 17:49:49,340 [Worker-46: Building] WARN  o.a.m.s.f.DefaultMavenResourcesFiltering - Using platform encoding (MS949 actually) to copy filtered resources, i.e. build is platform dependent!
2024-03-15 17:49:49,341 [Worker-46: Building] INFO  o.a.m.s.f.DefaultMavenResourcesFiltering - skip non existing resourceDirectory C:\Users\SMHRD\Desktop\JSPstudy\MavenSample03\src\main\resources
2024-03-15 17:49:49,345 [Worker-46: Building] WARN  o.a.m.s.f.DefaultMavenResourcesFiltering - Using platform encoding (MS949 actually) to copy filtered resources, i.e. build is platform dependent!
2024-03-15 17:49:49,346 [Worker-46: Building] INFO  o.a.m.s.f.DefaultMavenResourcesFiltering - skip non existing resourceDirectory C:\Users\SMHRD\Desktop\JSPstudy\MavenSample03\src\test\resources
2024-03-15 17:49:49,346 [Worker-46: Building] INFO  o.e.m.w.i.f.ResourceFilteringBuildParticipant - Changed resources require a complete clean of filtered resources of MavenSample03
2024-03-15 17:49:49,346 [Worker-46: Building] INFO  o.e.m.w.i.f.ResourceFilteringBuildParticipant - Executing resource filtering for MavenSample03
2024-03-15 17:49:49,675 [Worker-49: Building] WARN  o.a.m.s.f.DefaultMavenResourcesFiltering - Using platform encoding (MS949 actually) to copy filtered resources, i.e. build is platform dependent!
2024-03-15 17:49:49,677 [Worker-49: Building] INFO  o.a.m.s.f.DefaultMavenResourcesFiltering - skip non existing resourceDirectory C:\Users\SMHRD\Desktop\JSPstudy\MavenSample03_FrontController\src\main\resources
2024-03-15 17:49:49,680 [Worker-49: Building] WARN  o.a.m.s.f.DefaultMavenResourcesFiltering - Using platform encoding (MS949 actually) to copy filtered resources, i.e. build is platform dependent!
2024-03-15 17:49:49,681 [Worker-49: Building] INFO  o.a.m.s.f.DefaultMavenResourcesFiltering - skip non existing resourceDirectory C:\Users\SMHRD\Desktop\JSPstudy\MavenSample03_FrontController\src\test\resources
2024-03-15 17:49:49,682 [Worker-49: Building] INFO  o.e.m.w.i.f.ResourceFilteringBuildParticipant - Changed resources require a complete clean of filtered resources of MavenSample03_FrontController
2024-03-15 17:49:49,682 [Worker-49: Building] INFO  o.e.m.w.i.f.ResourceFilteringBuildParticipant - Executing resource filtering for MavenSample03_FrontController
2024-03-15 17:49:49,776 [Worker-49: Building] WARN  o.a.m.s.f.DefaultMavenResourcesFiltering - Using platform encoding (MS949 actually) to copy filtered resources, i.e. build is platform dependent!
2024-03-15 17:49:49,777 [Worker-49: Building] INFO  o.a.m.s.f.DefaultMavenResourcesFiltering - skip non existing resourceDirectory C:\Users\SMHRD\Desktop\JSPstudy\MavenSample04_Final\src\main\resources
2024-03-15 17:49:49,779 [Worker-49: Building] WARN  o.a.m.s.f.DefaultMavenResourcesFiltering - Using platform encoding (MS949 actually) to copy filtered resources, i.e. build is platform dependent!
2024-03-15 17:49:49,780 [Worker-49: Building] INFO  o.a.m.s.f.DefaultMavenResourcesFiltering - skip non existing resourceDirectory C:\Users\SMHRD\Desktop\JSPstudy\MavenSample04_Final\src\test\resources
2024-03-15 17:49:49,780 [Worker-49: Building] INFO  o.e.m.w.i.f.ResourceFilteringBuildParticipant - Changed resources require a complete clean of filtered resources of MavenSample04_Final
2024-03-15 17:49:49,780 [Worker-49: Building] INFO  o.e.m.w.i.f.ResourceFilteringBuildParticipant - Executing resource filtering for MavenSample04_Final
2024-03-18 09:00:14,065 [Worker-1: Loading available Gradle versions] INFO  o.e.b.c.i.u.g.PublishedGradleVersions - Gradle version information cache is out-of-date. Trying to update.
2024-03-18 09:00:20,888 [Worker-1: Building] INFO  o.e.m.c.i.embedder.EclipseLogger - Using 'UTF-8' encoding to copy filtered resources.
2024-03-18 09:00:20,891 [Worker-1: Building] INFO  o.e.m.c.i.embedder.EclipseLogger - Copying 0 resource
2024-03-18 09:00:20,896 [Worker-1: Building] INFO  o.e.m.c.i.embedder.EclipseLogger - Using 'UTF-8' encoding to copy filtered resources.
2024-03-18 09:00:20,897 [Worker-1: Building] INFO  o.e.m.c.i.embedder.EclipseLogger - Copying 0 resource
2024-03-18 09:00:23,883 [Worker-7: Building] WARN  o.a.m.s.f.DefaultMavenResourcesFiltering - Using platform encoding (MS949 actually) to copy filtered resources, i.e. build is platform dependent!
2024-03-18 09:00:23,885 [Worker-7: Building] INFO  o.a.m.s.f.DefaultMavenResourcesFiltering - skip non existing resourceDirectory C:\Users\SMHRD\Desktop\JSPstudy\MavenSample02\src\main\resources
2024-03-18 09:00:23,903 [Worker-7: Building] WARN  o.a.m.s.f.DefaultMavenResourcesFiltering - Using platform encoding (MS949 actually) to copy filtered resources, i.e. build is platform dependent!
2024-03-18 09:00:23,905 [Worker-7: Building] INFO  o.a.m.s.f.DefaultMavenResourcesFiltering - skip non existing resourceDirectory C:\Users\SMHRD\Desktop\JSPstudy\MavenSample02\src\test\resources
2024-03-18 09:00:25,803 [Worker-7: Building] WARN  o.a.m.s.f.DefaultMavenResourcesFiltering - Using platform encoding (MS949 actually) to copy filtered resources, i.e. build is platform dependent!
2024-03-18 09:00:25,809 [Worker-7: Building] INFO  o.a.m.s.f.DefaultMavenResourcesFiltering - skip non existing resourceDirectory C:\Users\SMHRD\Desktop\JSPstudy\MavenSample03\src\main\resources
2024-03-18 09:00:25,812 [Worker-7: Building] WARN  o.a.m.s.f.DefaultMavenResourcesFiltering - Using platform encoding (MS949 actually) to copy filtered resources, i.e. build is platform dependent!
2024-03-18 09:00:25,814 [Worker-7: Building] INFO  o.a.m.s.f.DefaultMavenResourcesFiltering - skip non existing resourceDirectory C:\Users\SMHRD\Desktop\JSPstudy\MavenSample03\src\test\resources
2024-03-18 09:00:26,143 [Worker-7: Building] WARN  o.a.m.s.f.DefaultMavenResourcesFiltering - Using platform encoding (MS949 actually) to copy filtered resources, i.e. build is platform dependent!
2024-03-18 09:00:26,144 [Worker-7: Building] INFO  o.a.m.s.f.DefaultMavenResourcesFiltering - skip non existing resourceDirectory C:\Users\SMHRD\Desktop\JSPstudy\MavenSample03_FrontController\src\main\resources
2024-03-18 09:00:26,150 [Worker-7: Building] WARN  o.a.m.s.f.DefaultMavenResourcesFiltering - Using platform encoding (MS949 actually) to copy filtered resources, i.e. build is platform dependent!
2024-03-18 09:00:26,151 [Worker-7: Building] INFO  o.a.m.s.f.DefaultMavenResourcesFiltering - skip non existing resourceDirectory C:\Users\SMHRD\Desktop\JSPstudy\MavenSample03_FrontController\src\test\resources
2024-03-18 09:00:26,555 [Worker-7: Building] WARN  o.a.m.s.f.DefaultMavenResourcesFiltering - Using platform encoding (MS949 actually) to copy filtered resources, i.e. build is platform dependent!
2024-03-18 09:00:26,557 [Worker-7: Building] INFO  o.a.m.s.f.DefaultMavenResourcesFiltering - skip non existing resourceDirectory C:\Users\SMHRD\Desktop\JSPstudy\MavenSample04_Final\src\main\resources
2024-03-18 09:00:26,562 [Worker-7: Building] WARN  o.a.m.s.f.DefaultMavenResourcesFiltering - Using platform encoding (MS949 actually) to copy filtered resources, i.e. build is platform dependent!
2024-03-18 09:00:26,564 [Worker-7: Building] INFO  o.a.m.s.f.DefaultMavenResourcesFiltering - skip non existing resourceDirectory C:\Users\SMHRD\Desktop\JSPstudy\MavenSample04_Final\src\test\resources
2024-03-18 10:14:47,202 [Worker-59: Building] INFO  o.e.m.c.i.l.LifecycleMappingFactory - Using org.maven.ide.eclipse.wtp.WarLifecycleMapping lifecycle mapping for MavenProject: com.smhrd:MavenSample04:0.0.1-SNAPSHOT @ C:\Users\SMHRD\git\Connect\MavenSample04_Final2\pom.xml.
2024-03-18 10:14:47,345 [Worker-59: Building] WARN  o.a.m.s.f.DefaultMavenResourcesFiltering - Using platform encoding (MS949 actually) to copy filtered resources, i.e. build is platform dependent!
2024-03-18 10:14:47,346 [Worker-59: Building] INFO  o.a.m.s.f.DefaultMavenResourcesFiltering - skip non existing resourceDirectory C:\Users\SMHRD\git\Connect\MavenSample04_Final2\src\main\resources
2024-03-18 10:14:47,348 [Worker-59: Building] WARN  o.a.m.s.f.DefaultMavenResourcesFiltering - Using platform encoding (MS949 actually) to copy filtered resources, i.e. build is platform dependent!
2024-03-18 10:14:47,349 [Worker-59: Building] INFO  o.a.m.s.f.DefaultMavenResourcesFiltering - skip non existing resourceDirectory C:\Users\SMHRD\git\Connect\MavenSample04_Final2\src\test\resources
2024-03-18 10:15:32,605 [Worker-52: Building] WARN  o.a.m.s.f.DefaultMavenResourcesFiltering - Using platform encoding (MS949 actually) to copy filtered resources, i.e. build is platform dependent!
2024-03-18 10:15:32,606 [Worker-52: Building] INFO  o.a.m.s.f.DefaultMavenResourcesFiltering - skip non existing resourceDirectory C:\Users\SMHRD\git\Connect\MavenSample04_Final2\src\main\resources
2024-03-18 10:15:32,608 [Worker-52: Building] WARN  o.a.m.s.f.DefaultMavenResourcesFiltering - Using platform encoding (MS949 actually) to copy filtered resources, i.e. build is platform dependent!
2024-03-18 10:15:32,609 [Worker-52: Building] INFO  o.a.m.s.f.DefaultMavenResourcesFiltering - skip non existing resourceDirectory C:\Users\SMHRD\git\Connect\MavenSample04_Final2\src\test\resources
2024-03-18 10:15:36,561 [Worker-61: Building] WARN  o.a.m.s.f.DefaultMavenResourcesFiltering - Using platform encoding (MS949 actually) to copy filtered resources, i.e. build is platform dependent!
2024-03-18 10:15:36,562 [Worker-61: Building] INFO  o.a.m.s.f.DefaultMavenResourcesFiltering - skip non existing resourceDirectory C:\Users\SMHRD\git\Connect\MavenSample04_Final2\src\main\resources
2024-03-18 10:15:36,564 [Worker-61: Building] WARN  o.a.m.s.f.DefaultMavenResourcesFiltering - Using platform encoding (MS949 actually) to copy filtered resources, i.e. build is platform dependent!
2024-03-18 10:15:36,565 [Worker-61: Building] INFO  o.a.m.s.f.DefaultMavenResourcesFiltering - skip non existing resourceDirectory C:\Users\SMHRD\git\Connect\MavenSample04_Final2\src\test\resources
2024-03-18 10:15:41,004 [Worker-61: Building] WARN  o.a.m.s.f.DefaultMavenResourcesFiltering - Using platform encoding (MS949 actually) to copy filtered resources, i.e. build is platform dependent!
2024-03-18 10:15:41,004 [Worker-61: Building] INFO  o.a.m.s.f.DefaultMavenResourcesFiltering - skip non existing resourceDirectory C:\Users\SMHRD\git\Connect\MavenSample04_Final2\src\main\resources
2024-03-18 10:15:41,008 [Worker-61: Building] WARN  o.a.m.s.f.DefaultMavenResourcesFiltering - Using platform encoding (MS949 actually) to copy filtered resources, i.e. build is platform dependent!
2024-03-18 10:15:41,008 [Worker-61: Building] INFO  o.a.m.s.f.DefaultMavenResourcesFiltering - skip non existing resourceDirectory C:\Users\SMHRD\git\Connect\MavenSample04_Final2\src\test\resources
2024-03-18 10:15:46,307 [Worker-52: Building] WARN  o.a.m.s.f.DefaultMavenResourcesFiltering - Using platform encoding (MS949 actually) to copy filtered resources, i.e. build is platform dependent!
2024-03-18 10:15:46,308 [Worker-52: Building] INFO  o.a.m.s.f.DefaultMavenResourcesFiltering - skip non existing resourceDirectory C:\Users\SMHRD\git\Connect\MavenSample04_Final2\src\main\resources
2024-03-18 10:15:46,309 [Worker-52: Building] WARN  o.a.m.s.f.DefaultMavenResourcesFiltering - Using platform encoding (MS949 actually) to copy filtered resources, i.e. build is platform dependent!
2024-03-18 10:15:46,310 [Worker-52: Building] INFO  o.a.m.s.f.DefaultMavenResourcesFiltering - skip non existing resourceDirectory C:\Users\SMHRD\git\Connect\MavenSample04_Final2\src\test\resources
2024-03-18 10:15:48,393 [Worker-52: Building] WARN  o.a.m.s.f.DefaultMavenResourcesFiltering - Using platform encoding (MS949 actually) to copy filtered resources, i.e. build is platform dependent!
2024-03-18 10:15:48,394 [Worker-52: Building] INFO  o.a.m.s.f.DefaultMavenResourcesFiltering - skip non existing resourceDirectory C:\Users\SMHRD\git\Connect\MavenSample04_Final2\src\main\resources
2024-03-18 10:15:48,395 [Worker-52: Building] WARN  o.a.m.s.f.DefaultMavenResourcesFiltering - Using platform encoding (MS949 actually) to copy filtered resources, i.e. build is platform dependent!
2024-03-18 10:15:48,395 [Worker-52: Building] INFO  o.a.m.s.f.DefaultMavenResourcesFiltering - skip non existing resourceDirectory C:\Users\SMHRD\git\Connect\MavenSample04_Final2\src\test\resources
2024-03-19 09:20:27,235 [Worker-7: Loading available Gradle versions] INFO  o.e.b.c.i.u.g.PublishedGradleVersions - Gradle version information cache is out-of-date. Trying to update.
2024-03-19 17:19:08,494 [Worker-137: Building] INFO  o.e.m.c.i.l.LifecycleMappingFactory - Using org.maven.ide.eclipse.wtp.WarLifecycleMapping lifecycle mapping for MavenProject: com.smhrd:MavenSample04:0.0.1-SNAPSHOT @ C:\Users\SMHRD\Desktop\JSPstudy\MavenSample04_Final2_0319\pom.xml.
2024-03-19 17:19:10,160 [Worker-137: Building] WARN  o.a.m.s.f.DefaultMavenResourcesFiltering - Using platform encoding (MS949 actually) to copy filtered resources, i.e. build is platform dependent!
2024-03-19 17:19:10,160 [Worker-137: Building] INFO  o.a.m.s.f.DefaultMavenResourcesFiltering - skip non existing resourceDirectory C:\Users\SMHRD\Desktop\JSPstudy\MavenSample04_Final2_0319\src\main\resources
2024-03-19 17:19:10,163 [Worker-137: Building] WARN  o.a.m.s.f.DefaultMavenResourcesFiltering - Using platform encoding (MS949 actually) to copy filtered resources, i.e. build is platform dependent!
2024-03-19 17:19:10,164 [Worker-137: Building] INFO  o.a.m.s.f.DefaultMavenResourcesFiltering - skip non existing resourceDirectory C:\Users\SMHRD\Desktop\JSPstudy\MavenSample04_Final2_0319\src\test\resources
2024-03-19 17:20:47,079 [Worker-139: Updating Maven Project] INFO  o.e.m.c.i.p.ProjectConfigurationManager - Update started
2024-03-19 17:20:47,364 [Worker-139: Updating Maven Project] INFO  o.e.m.c.i.l.LifecycleMappingFactory - Using org.maven.ide.eclipse.wtp.WarLifecycleMapping lifecycle mapping for MavenProject: com.smhrd:MavenSample04:0.0.1-SNAPSHOT @ C:\Users\SMHRD\Desktop\JSPstudy\MavenSample04_Final2_0319\pom.xml.
2024-03-19 17:20:47,760 [Worker-139: Updating Maven Project] INFO  o.e.m.j.i.AbstractJavaProjectConfigurator - Adding source folder /MavenSample04_Final2_0319/src/main/java
2024-03-19 17:20:47,760 [Worker-139: Updating Maven Project] INFO  o.e.m.j.i.AbstractJavaProjectConfigurator - Adding resource folder /MavenSample04_Final2_0319/src/main/resources
2024-03-19 17:20:47,760 [Worker-139: Updating Maven Project] INFO  o.e.m.j.i.AbstractJavaProjectConfigurator - Adding source folder /MavenSample04_Final2_0319/src/test/java
2024-03-19 17:20:47,761 [Worker-139: Updating Maven Project] INFO  o.e.m.j.i.AbstractJavaProjectConfigurator - Adding resource folder /MavenSample04_Final2_0319/src/test/resources
2024-03-19 17:20:48,334 [Worker-139: Updating Maven Project] INFO  o.e.m.w.i.f.ResourceFilteringBuildParticipant - Cleaning filtered folder for MavenSample04_Final2_0319
2024-03-19 17:20:48,538 [Worker-139: Updating Maven Project] INFO  o.e.m.c.i.p.ProjectConfigurationManager - Update completed for 1 poms: local refresh takes 0.00 sec, refresh facades takes 0.00 sec, update config takes 0.00 sec 
2024-03-19 17:20:48,712 [Worker-134: Building Project MavenSample04_Final2_0319] WARN  o.a.m.s.f.DefaultMavenResourcesFiltering - Using platform encoding (MS949 actually) to copy filtered resources, i.e. build is platform dependent!
2024-03-19 17:20:48,714 [Worker-134: Building Project MavenSample04_Final2_0319] INFO  o.a.m.s.f.DefaultMavenResourcesFiltering - skip non existing resourceDirectory C:\Users\SMHRD\Desktop\JSPstudy\MavenSample04_Final2_0319\src\main\resources
2024-03-19 17:20:48,724 [Worker-134: Building Project MavenSample04_Final2_0319] WARN  o.a.m.s.f.DefaultMavenResourcesFiltering - Using platform encoding (MS949 actually) to copy filtered resources, i.e. build is platform dependent!
2024-03-19 17:20:48,726 [Worker-134: Building Project MavenSample04_Final2_0319] INFO  o.a.m.s.f.DefaultMavenResourcesFiltering - skip non existing resourceDirectory C:\Users\SMHRD\Desktop\JSPstudy\MavenSample04_Final2_0319\src\test\resources
2024-03-19 17:20:48,727 [Worker-134: Building Project MavenSample04_Final2_0319] INFO  o.e.m.w.i.f.ResourceFilteringBuildParticipant - Changed resources require a complete clean of filtered resources of MavenSample04_Final2_0319
2024-03-19 17:20:48,728 [Worker-134: Building Project MavenSample04_Final2_0319] INFO  o.e.m.w.i.f.ResourceFilteringBuildParticipant - Executing resource filtering for MavenSample04_Final2_0319
2024-03-21 09:34:56,771 [Worker-522: Building] WARN  o.a.m.s.f.DefaultMavenResourcesFiltering - Using platform encoding (MS949 actually) to copy filtered resources, i.e. build is platform dependent!
2024-03-21 09:34:56,772 [Worker-522: Building] INFO  o.a.m.s.f.DefaultMavenResourcesFiltering - skip non existing resourceDirectory C:\Users\SMHRD\Desktop\JSPstudy\MavenSample04_Final2_0319\src\main\resources
2024-03-21 09:34:56,773 [Worker-522: Building] WARN  o.a.m.s.f.DefaultMavenResourcesFiltering - Using platform encoding (MS949 actually) to copy filtered resources, i.e. build is platform dependent!
2024-03-21 09:34:56,774 [Worker-522: Building] INFO  o.a.m.s.f.DefaultMavenResourcesFiltering - skip non existing resourceDirectory C:\Users\SMHRD\Desktop\JSPstudy\MavenSample04_Final2_0319\src\test\resources
2024-03-21 10:25:03,694 [Worker-547: Building] INFO  o.e.m.c.i.l.LifecycleMappingFactory - Using org.maven.ide.eclipse.wtp.WarLifecycleMapping lifecycle mapping for MavenProject: com.smhrd:MavenSample04:0.0.1-SNAPSHOT @ C:\Users\SMHRD\Desktop\JSPstudy\MavenSample04_Final2_0321\pom.xml.
2024-03-21 10:25:04,141 [Worker-547: Building] WARN  o.a.m.s.f.DefaultMavenResourcesFiltering - Using platform encoding (MS949 actually) to copy filtered resources, i.e. build is platform dependent!
2024-03-21 10:25:04,141 [Worker-547: Building] INFO  o.a.m.s.f.DefaultMavenResourcesFiltering - skip non existing resourceDirectory C:\Users\SMHRD\Desktop\JSPstudy\MavenSample04_Final2_0321\src\main\resources
2024-03-21 10:25:04,142 [Worker-547: Building] WARN  o.a.m.s.f.DefaultMavenResourcesFiltering - Using platform encoding (MS949 actually) to copy filtered resources, i.e. build is platform dependent!
2024-03-21 10:25:04,143 [Worker-547: Building] INFO  o.a.m.s.f.DefaultMavenResourcesFiltering - skip non existing resourceDirectory C:\Users\SMHRD\Desktop\JSPstudy\MavenSample04_Final2_0321\src\test\resources
2024-03-21 10:25:04,979 [Worker-543: Building] INFO  o.e.m.c.i.l.LifecycleMappingFactory - Using org.maven.ide.eclipse.wtp.WarLifecycleMapping lifecycle mapping for MavenProject: com.smhrd:MavenSample04:0.0.1-SNAPSHOT @ C:\Users\SMHRD\Desktop\JSPstudy\MavenSample04_Final2_0321\pom.xml.
2024-03-21 10:31:48,807 [Worker-552: Updating Maven Project] INFO  o.e.m.c.i.p.ProjectConfigurationManager - Update started
2024-03-21 10:31:51,378 [Worker-552: Updating Maven Project] INFO  o.e.m.c.i.l.LifecycleMappingFactory - Using org.maven.ide.eclipse.wtp.WarLifecycleMapping lifecycle mapping for MavenProject: com.smhrd:MavenSample04:0.0.1-SNAPSHOT @ C:\Users\SMHRD\Desktop\JSPstudy\MavenSample04_Final2_0321\pom.xml.
2024-03-21 10:31:52,499 [Worker-552: Updating Maven Project] INFO  o.e.m.j.i.AbstractJavaProjectConfigurator - Adding source folder /MavenSample04_Final2_0321/src/main/java
2024-03-21 10:31:52,499 [Worker-552: Updating Maven Project] INFO  o.e.m.j.i.AbstractJavaProjectConfigurator - Adding resource folder /MavenSample04_Final2_0321/src/main/resources
2024-03-21 10:31:52,499 [Worker-552: Updating Maven Project] INFO  o.e.m.j.i.AbstractJavaProjectConfigurator - Adding source folder /MavenSample04_Final2_0321/src/test/java
2024-03-21 10:31:52,499 [Worker-552: Updating Maven Project] INFO  o.e.m.j.i.AbstractJavaProjectConfigurator - Adding resource folder /MavenSample04_Final2_0321/src/test/resources
2024-03-21 10:31:52,868 [Worker-552: Updating Maven Project] INFO  o.e.m.w.i.f.ResourceFilteringBuildParticipant - Cleaning filtered folder for MavenSample04_Final2_0321
2024-03-21 10:31:53,066 [Worker-552: Updating Maven Project] INFO  o.e.m.c.i.p.ProjectConfigurationManager - Update completed for 1 poms: local refresh takes 0.00 sec, refresh facades takes 3.00 sec, update config takes 0.00 sec 
2024-03-21 10:31:53,189 [Worker-548: Building Project MavenSample04_Final2_0321] WARN  o.a.m.s.f.DefaultMavenResourcesFiltering - Using platform encoding (MS949 actually) to copy filtered resources, i.e. build is platform dependent!
2024-03-21 10:31:53,190 [Worker-548: Building Project MavenSample04_Final2_0321] INFO  o.a.m.s.f.DefaultMavenResourcesFiltering - skip non existing resourceDirectory C:\Users\SMHRD\Desktop\JSPstudy\MavenSample04_Final2_0321\src\main\resources
2024-03-21 10:31:53,193 [Worker-548: Building Project MavenSample04_Final2_0321] WARN  o.a.m.s.f.DefaultMavenResourcesFiltering - Using platform encoding (MS949 actually) to copy filtered resources, i.e. build is platform dependent!
2024-03-21 10:31:53,194 [Worker-548: Building Project MavenSample04_Final2_0321] INFO  o.a.m.s.f.DefaultMavenResourcesFiltering - skip non existing resourceDirectory C:\Users\SMHRD\Desktop\JSPstudy\MavenSample04_Final2_0321\src\test\resources
2024-03-21 10:31:53,195 [Worker-548: Building Project MavenSample04_Final2_0321] INFO  o.e.m.w.i.f.ResourceFilteringBuildParticipant - Changed resources require a complete clean of filtered resources of MavenSample04_Final2_0321
2024-03-21 10:31:53,195 [Worker-548: Building Project MavenSample04_Final2_0321] INFO  o.e.m.w.i.f.ResourceFilteringBuildParticipant - Executing resource filtering for MavenSample04_Final2_0321
2024-03-21 12:15:46,461 [Worker-584: Building] WARN  o.a.m.s.f.DefaultMavenResourcesFiltering - Using platform encoding (MS949 actually) to copy filtered resources, i.e. build is platform dependent!
2024-03-21 12:15:46,462 [Worker-584: Building] INFO  o.a.m.s.f.DefaultMavenResourcesFiltering - skip non existing resourceDirectory C:\Users\SMHRD\git\Connect\MavenSample04_Final2\src\main\resources
2024-03-21 12:15:46,464 [Worker-584: Building] WARN  o.a.m.s.f.DefaultMavenResourcesFiltering - Using platform encoding (MS949 actually) to copy filtered resources, i.e. build is platform dependent!
2024-03-21 12:15:46,465 [Worker-584: Building] INFO  o.a.m.s.f.DefaultMavenResourcesFiltering - skip non existing resourceDirectory C:\Users\SMHRD\git\Connect\MavenSample04_Final2\src\test\resources
2024-03-21 12:20:13,334 [Worker-580: Building] WARN  o.a.m.s.f.DefaultMavenResourcesFiltering - Using platform encoding (MS949 actually) to copy filtered resources, i.e. build is platform dependent!
2024-03-21 12:20:13,334 [Worker-580: Building] INFO  o.a.m.s.f.DefaultMavenResourcesFiltering - skip non existing resourceDirectory C:\Users\SMHRD\git\Connect\MavenSample04_Final2\src\main\resources
2024-03-21 12:20:13,335 [Worker-580: Building] WARN  o.a.m.s.f.DefaultMavenResourcesFiltering - Using platform encoding (MS949 actually) to copy filtered resources, i.e. build is platform dependent!
2024-03-21 12:20:13,336 [Worker-580: Building] INFO  o.a.m.s.f.DefaultMavenResourcesFiltering - skip non existing resourceDirectory C:\Users\SMHRD\git\Connect\MavenSample04_Final2\src\test\resources
2024-03-21 12:21:11,687 [Worker-583: Building] WARN  o.a.m.s.f.DefaultMavenResourcesFiltering - Using platform encoding (MS949 actually) to copy filtered resources, i.e. build is platform dependent!
2024-03-21 12:21:11,688 [Worker-583: Building] INFO  o.a.m.s.f.DefaultMavenResourcesFiltering - skip non existing resourceDirectory C:\Users\SMHRD\git\Connect\MavenSample04_Final2\src\main\resources
2024-03-21 12:21:11,689 [Worker-583: Building] WARN  o.a.m.s.f.DefaultMavenResourcesFiltering - Using platform encoding (MS949 actually) to copy filtered resources, i.e. build is platform dependent!
2024-03-21 12:21:11,689 [Worker-583: Building] INFO  o.a.m.s.f.DefaultMavenResourcesFiltering - skip non existing resourceDirectory C:\Users\SMHRD\git\Connect\MavenSample04_Final2\src\test\resources
2024-03-21 12:33:37,591 [Worker-587: Building] WARN  o.a.m.s.f.DefaultMavenResourcesFiltering - Using platform encoding (MS949 actually) to copy filtered resources, i.e. build is platform dependent!
2024-03-21 12:33:37,592 [Worker-587: Building] INFO  o.a.m.s.f.DefaultMavenResourcesFiltering - skip non existing resourceDirectory C:\Users\SMHRD\git\Connect\MavenSample04_Final2\src\main\resources
2024-03-21 12:33:37,594 [Worker-587: Building] WARN  o.a.m.s.f.DefaultMavenResourcesFiltering - Using platform encoding (MS949 actually) to copy filtered resources, i.e. build is platform dependent!
2024-03-21 12:33:37,595 [Worker-587: Building] INFO  o.a.m.s.f.DefaultMavenResourcesFiltering - skip non existing resourceDirectory C:\Users\SMHRD\git\Connect\MavenSample04_Final2\src\test\resources
2024-03-25 09:25:36,778 [Worker-1343: Building] ERROR o.e.m.c.i.p.r.ProjectRegistryManager - File not found: C:\Users\SMHRD\Desktop\JSPstudy\MavenSample04_Final\pom.xml.
org.eclipse.core.internal.resources.ResourceException: File not found: C:\Users\SMHRD\Desktop\JSPstudy\MavenSample04_Final\pom.xml.
	at org.eclipse.core.internal.localstore.FileSystemResourceManager.read(FileSystemResourceManager.java:881)
	at org.eclipse.core.internal.resources.File.getContents(File.java:298)
	at org.eclipse.core.internal.resources.File.getContents(File.java:289)
	at org.eclipse.m2e.core.internal.project.registry.ProjectRegistryManager.refreshPhase2(ProjectRegistryManager.java:585)
	at org.eclipse.m2e.core.internal.project.registry.ProjectRegistryManager.refresh(ProjectRegistryManager.java:487)
	at org.eclipse.m2e.core.internal.project.registry.ProjectRegistryManager.refresh(ProjectRegistryManager.java:366)
	at org.eclipse.m2e.core.internal.project.registry.ProjectRegistryManager.refresh(ProjectRegistryManager.java:318)
	at org.eclipse.m2e.core.internal.builder.MavenBuilder$BuildMethod.getProjectFacade(MavenBuilder.java:146)
	at org.eclipse.m2e.core.internal.builder.MavenBuilder$BuildMethod.lambda$0(MavenBuilder.java:84)
	at org.eclipse.m2e.core.internal.embedder.MavenExecutionContext.executeBare(MavenExecutionContext.java:394)
	at org.eclipse.m2e.core.internal.embedder.MavenExecutionContext.execute(MavenExecutionContext.java:275)
	at org.eclipse.m2e.core.internal.embedder.MavenExecutionContext.execute(MavenExecutionContext.java:214)
	at org.eclipse.m2e.core.internal.builder.MavenBuilder$BuildMethod.execute(MavenBuilder.java:83)
	at org.eclipse.m2e.core.internal.builder.MavenBuilder.build(MavenBuilder.java:192)
	at org.eclipse.core.internal.events.BuildManager$2.run(BuildManager.java:1079)
	at org.eclipse.core.runtime.SafeRunner.run(SafeRunner.java:47)
	at org.eclipse.core.internal.events.BuildManager.basicBuild(BuildManager.java:296)
	at org.eclipse.core.internal.events.BuildManager.basicBuild(BuildManager.java:352)
	at org.eclipse.core.internal.events.BuildManager$1.run(BuildManager.java:441)
	at org.eclipse.core.runtime.SafeRunner.run(SafeRunner.java:47)
	at org.eclipse.core.internal.events.BuildManager.basicBuild(BuildManager.java:444)
	at org.eclipse.core.internal.events.BuildManager.basicBuildLoop(BuildManager.java:555)
	at org.eclipse.core.internal.events.BuildManager.basicBuildLoop(BuildManager.java:503)
	at org.eclipse.core.internal.events.BuildManager.build(BuildManager.java:585)
	at org.eclipse.core.internal.events.AutoBuildJob.doBuild(AutoBuildJob.java:207)
	at org.eclipse.core.internal.events.AutoBuildJob.run(AutoBuildJob.java:300)
	at org.eclipse.core.internal.jobs.Worker.run(Worker.java:63)
Caused by: java.lang.Exception: File not found: C:\Users\SMHRD\Desktop\JSPstudy\MavenSample04_Final\pom.xml.
	at org.eclipse.core.internal.resources.ResourceException.provideStackTrace(ResourceException.java:42)
	at org.eclipse.core.internal.resources.ResourceException.<init>(ResourceException.java:38)
	... 27 common frames omitted
2024-03-25 09:26:39,739 [Worker-1352: Building] INFO  o.e.m.c.i.l.LifecycleMappingFactory - Using org.maven.ide.eclipse.wtp.WarLifecycleMapping lifecycle mapping for MavenProject: com.smhrd:MavenSample04:0.0.1-SNAPSHOT @ C:\Users\SMHRD\Desktop\JSPstudy\MavenSample04_Final2\pom.xml.
2024-03-25 09:26:41,098 [Worker-1352: Building] WARN  o.a.m.s.f.DefaultMavenResourcesFiltering - Using platform encoding (MS949 actually) to copy filtered resources, i.e. build is platform dependent!
2024-03-25 09:26:41,098 [Worker-1352: Building] INFO  o.a.m.s.f.DefaultMavenResourcesFiltering - skip non existing resourceDirectory C:\Users\SMHRD\Desktop\JSPstudy\MavenSample04_Final2\src\main\resources
2024-03-25 09:26:41,100 [Worker-1352: Building] WARN  o.a.m.s.f.DefaultMavenResourcesFiltering - Using platform encoding (MS949 actually) to copy filtered resources, i.e. build is platform dependent!
2024-03-25 09:26:41,101 [Worker-1352: Building] INFO  o.a.m.s.f.DefaultMavenResourcesFiltering - skip non existing resourceDirectory C:\Users\SMHRD\Desktop\JSPstudy\MavenSample04_Final2\src\test\resources
2024-03-25 09:26:43,154 [Worker-1351: Building] INFO  o.e.m.c.i.l.LifecycleMappingFactory - Using org.maven.ide.eclipse.wtp.WarLifecycleMapping lifecycle mapping for MavenProject: com.smhrd:MavenSample04:0.0.1-SNAPSHOT @ C:\Users\SMHRD\Desktop\JSPstudy\MavenSample04_Final2\pom.xml.
2024-03-25 09:27:30,769 [Worker-1353: Updating Maven Project] INFO  o.e.m.c.i.p.ProjectConfigurationManager - Update started
2024-03-25 09:27:31,017 [Worker-1353: Updating Maven Project] INFO  o.e.m.c.i.l.LifecycleMappingFactory - Using org.maven.ide.eclipse.wtp.WarLifecycleMapping lifecycle mapping for MavenProject: com.smhrd:MavenSample04:0.0.1-SNAPSHOT @ C:\Users\SMHRD\Desktop\JSPstudy\MavenSample04_Final2\pom.xml.
2024-03-25 09:27:31,386 [Worker-1353: Updating Maven Project] INFO  o.e.m.j.i.AbstractJavaProjectConfigurator - Adding source folder /MavenSample04_Final2/src/main/java
2024-03-25 09:27:31,386 [Worker-1353: Updating Maven Project] INFO  o.e.m.j.i.AbstractJavaProjectConfigurator - Adding resource folder /MavenSample04_Final2/src/main/resources
2024-03-25 09:27:31,386 [Worker-1353: Updating Maven Project] INFO  o.e.m.j.i.AbstractJavaProjectConfigurator - Adding source folder /MavenSample04_Final2/src/test/java
2024-03-25 09:27:31,386 [Worker-1353: Updating Maven Project] INFO  o.e.m.j.i.AbstractJavaProjectConfigurator - Adding resource folder /MavenSample04_Final2/src/test/resources
2024-03-25 09:27:31,719 [Worker-1353: Updating Maven Project] INFO  o.e.m.w.i.f.ResourceFilteringBuildParticipant - Cleaning filtered folder for MavenSample04_Final2
2024-03-25 09:27:31,857 [Worker-1353: Updating Maven Project] INFO  o.e.m.c.i.p.ProjectConfigurationManager - Update completed for 1 poms: local refresh takes 0.00 sec, refresh facades takes 0.00 sec, update config takes 0.00 sec 
2024-03-25 09:27:31,963 [Worker-1348: Building Project MavenSample04_Final2] WARN  o.a.m.s.f.DefaultMavenResourcesFiltering - Using platform encoding (MS949 actually) to copy filtered resources, i.e. build is platform dependent!
2024-03-25 09:27:31,963 [Worker-1348: Building Project MavenSample04_Final2] INFO  o.a.m.s.f.DefaultMavenResourcesFiltering - skip non existing resourceDirectory C:\Users\SMHRD\Desktop\JSPstudy\MavenSample04_Final2\src\main\resources
2024-03-25 09:27:31,966 [Worker-1348: Building Project MavenSample04_Final2] WARN  o.a.m.s.f.DefaultMavenResourcesFiltering - Using platform encoding (MS949 actually) to copy filtered resources, i.e. build is platform dependent!
2024-03-25 09:27:31,967 [Worker-1348: Building Project MavenSample04_Final2] INFO  o.a.m.s.f.DefaultMavenResourcesFiltering - skip non existing resourceDirectory C:\Users\SMHRD\Desktop\JSPstudy\MavenSample04_Final2\src\test\resources
2024-03-25 09:27:31,967 [Worker-1348: Building Project MavenSample04_Final2] INFO  o.e.m.w.i.f.ResourceFilteringBuildParticipant - Changed resources require a complete clean of filtered resources of MavenSample04_Final2
2024-03-25 09:27:31,967 [Worker-1348: Building Project MavenSample04_Final2] INFO  o.e.m.w.i.f.ResourceFilteringBuildParticipant - Executing resource filtering for MavenSample04_Final2
2024-03-25 09:44:52,516 [Start Help Server] INFO  org.eclipse.jetty.server.Server - jetty-12.0.3; built: 2023-10-27T03:25:22.284Z; git: a873259fd5af141dedaa6c7fa8fe8fbdedce0d61; jvm 17.0.9+9
2024-03-25 09:44:52,588 [Start Help Server] INFO  o.e.j.server.handler.ContextHandler - Started oeje8n.ContextHandler$CoreContextHandler@53eb3d2d{/help,/help,b=null,a=AVAILABLE,h=oeje8n.ContextHandler$CoreContextHandler$CoreToNestedHandler@274bf0a{STARTED}}
2024-03-25 09:44:52,589 [Start Help Server] INFO  o.e.j.s.DefaultSessionIdManager - Session workerName=node0
2024-03-25 09:44:52,634 [Start Help Server] INFO  o.e.jetty.server.AbstractConnector - Started ServerConnector@235b552d{HTTP/1.1, (http/1.1)}{127.0.0.1:50896}
2024-03-25 09:44:52,653 [Start Help Server] INFO  org.eclipse.jetty.server.Server - Started oejs.Server@59c3f26b{STARTING}[12.0.3,sto=0] @519900586ms
2024-03-25 09:45:19,973 [Worker-644: Building] WARN  o.a.m.s.f.DefaultMavenResourcesFiltering - Using platform encoding (MS949 actually) to copy filtered resources, i.e. build is platform dependent!
2024-03-25 09:45:19,974 [Worker-644: Building] INFO  o.a.m.s.f.DefaultMavenResourcesFiltering - skip non existing resourceDirectory C:\Users\SMHRD\Desktop\JSPstudy\MavenSample04_Final2\src\main\resources
2024-03-25 09:45:19,975 [Worker-644: Building] WARN  o.a.m.s.f.DefaultMavenResourcesFiltering - Using platform encoding (MS949 actually) to copy filtered resources, i.e. build is platform dependent!
2024-03-25 09:45:19,976 [Worker-644: Building] INFO  o.a.m.s.f.DefaultMavenResourcesFiltering - skip non existing resourceDirectory C:\Users\SMHRD\Desktop\JSPstudy\MavenSample04_Final2\src\test\resources
2024-03-25 09:51:21,017 [Worker-1360: Building] WARN  o.a.m.s.f.DefaultMavenResourcesFiltering - Using platform encoding (MS949 actually) to copy filtered resources, i.e. build is platform dependent!
2024-03-25 09:51:21,018 [Worker-1360: Building] INFO  o.a.m.s.f.DefaultMavenResourcesFiltering - skip non existing resourceDirectory C:\Users\SMHRD\Desktop\JSPstudy\MavenSample04_Final2\src\main\resources
2024-03-25 09:51:21,019 [Worker-1360: Building] WARN  o.a.m.s.f.DefaultMavenResourcesFiltering - Using platform encoding (MS949 actually) to copy filtered resources, i.e. build is platform dependent!
2024-03-25 09:51:21,020 [Worker-1360: Building] INFO  o.a.m.s.f.DefaultMavenResourcesFiltering - skip non existing resourceDirectory C:\Users\SMHRD\Desktop\JSPstudy\MavenSample04_Final2\src\test\resources
2024-03-25 10:53:04,818 [Worker-1366: Building] WARN  o.a.m.s.f.DefaultMavenResourcesFiltering - Using platform encoding (MS949 actually) to copy filtered resources, i.e. build is platform dependent!
2024-03-25 10:53:04,819 [Worker-1366: Building] INFO  o.a.m.s.f.DefaultMavenResourcesFiltering - skip non existing resourceDirectory C:\Users\SMHRD\Desktop\JSPstudy\MavenSample04_Final2\src\main\resources
2024-03-25 10:53:04,820 [Worker-1366: Building] WARN  o.a.m.s.f.DefaultMavenResourcesFiltering - Using platform encoding (MS949 actually) to copy filtered resources, i.e. build is platform dependent!
2024-03-25 10:53:04,821 [Worker-1366: Building] INFO  o.a.m.s.f.DefaultMavenResourcesFiltering - skip non existing resourceDirectory C:\Users\SMHRD\Desktop\JSPstudy\MavenSample04_Final2\src\test\resources
2024-03-25 10:53:38,111 [Worker-1373: Updating Maven Project] INFO  o.e.m.c.i.p.ProjectConfigurationManager - Update started
2024-03-25 10:53:39,914 [Worker-1373: Updating Maven Project] INFO  o.e.m.c.i.l.LifecycleMappingFactory - Using org.maven.ide.eclipse.wtp.WarLifecycleMapping lifecycle mapping for MavenProject: com.smhrd:MavenSample04:0.0.1-SNAPSHOT @ C:\Users\SMHRD\Desktop\JSPstudy\MavenSample04_Final2\pom.xml.
2024-03-25 10:53:42,042 [Worker-1373: Updating Maven Project] INFO  o.e.m.j.i.AbstractJavaProjectConfigurator - Adding source folder /MavenSample04_Final2/src/main/java
2024-03-25 10:53:42,042 [Worker-1373: Updating Maven Project] INFO  o.e.m.j.i.AbstractJavaProjectConfigurator - Adding resource folder /MavenSample04_Final2/src/main/resources
2024-03-25 10:53:42,043 [Worker-1373: Updating Maven Project] INFO  o.e.m.j.i.AbstractJavaProjectConfigurator - Adding source folder /MavenSample04_Final2/src/test/java
2024-03-25 10:53:42,043 [Worker-1373: Updating Maven Project] INFO  o.e.m.j.i.AbstractJavaProjectConfigurator - Adding resource folder /MavenSample04_Final2/src/test/resources
2024-03-25 10:53:42,227 [Worker-1373: Updating Maven Project] INFO  o.e.m.w.i.f.ResourceFilteringBuildParticipant - Cleaning filtered folder for MavenSample04_Final2
2024-03-25 10:53:42,367 [Worker-1373: Updating Maven Project] INFO  o.e.m.c.i.p.ProjectConfigurationManager - Update completed for 1 poms: local refresh takes 0.00 sec, refresh facades takes 3.00 sec, update config takes 0.00 sec 
2024-03-25 10:53:42,576 [Worker-1371: Building] WARN  o.a.m.s.f.DefaultMavenResourcesFiltering - Using platform encoding (MS949 actually) to copy filtered resources, i.e. build is platform dependent!
2024-03-25 10:53:42,577 [Worker-1371: Building] INFO  o.a.m.s.f.DefaultMavenResourcesFiltering - skip non existing resourceDirectory C:\Users\SMHRD\Desktop\JSPstudy\MavenSample04_Final2\src\main\resources
2024-03-25 10:53:42,581 [Worker-1371: Building] WARN  o.a.m.s.f.DefaultMavenResourcesFiltering - Using platform encoding (MS949 actually) to copy filtered resources, i.e. build is platform dependent!
2024-03-25 10:53:42,582 [Worker-1371: Building] INFO  o.a.m.s.f.DefaultMavenResourcesFiltering - skip non existing resourceDirectory C:\Users\SMHRD\Desktop\JSPstudy\MavenSample04_Final2\src\test\resources
2024-03-25 10:53:42,582 [Worker-1371: Building] INFO  o.e.m.w.i.f.ResourceFilteringBuildParticipant - Changed resources require a complete clean of filtered resources of MavenSample04_Final2
2024-03-25 10:53:42,582 [Worker-1371: Building] INFO  o.e.m.w.i.f.ResourceFilteringBuildParticipant - Executing resource filtering for MavenSample04_Final2
2024-03-25 10:54:51,080 [Worker-1378: Updating Maven Project] INFO  o.e.m.c.i.p.ProjectConfigurationManager - Update started
2024-03-25 10:54:51,330 [Worker-1378: Updating Maven Project] INFO  o.e.m.c.i.l.LifecycleMappingFactory - Using org.maven.ide.eclipse.wtp.WarLifecycleMapping lifecycle mapping for MavenProject: com.smhrd:MavenSample04:0.0.1-SNAPSHOT @ C:\Users\SMHRD\Desktop\JSPstudy\MavenSample04_Final2\pom.xml.
2024-03-25 10:54:51,688 [Worker-1378: Updating Maven Project] INFO  o.e.m.j.i.AbstractJavaProjectConfigurator - Adding source folder /MavenSample04_Final2/src/main/java
2024-03-25 10:54:51,688 [Worker-1378: Updating Maven Project] INFO  o.e.m.j.i.AbstractJavaProjectConfigurator - Adding resource folder /MavenSample04_Final2/src/main/resources
2024-03-25 10:54:51,688 [Worker-1378: Updating Maven Project] INFO  o.e.m.j.i.AbstractJavaProjectConfigurator - Adding source folder /MavenSample04_Final2/src/test/java
2024-03-25 10:54:51,688 [Worker-1378: Updating Maven Project] INFO  o.e.m.j.i.AbstractJavaProjectConfigurator - Adding resource folder /MavenSample04_Final2/src/test/resources
2024-03-25 10:54:51,865 [Worker-1378: Updating Maven Project] INFO  o.e.m.w.i.f.ResourceFilteringBuildParticipant - Cleaning filtered folder for MavenSample04_Final2
2024-03-25 10:54:51,994 [Worker-1378: Updating Maven Project] INFO  o.e.m.c.i.p.ProjectConfigurationManager - Update completed for 1 poms: local refresh takes 0.00 sec, refresh facades takes 0.00 sec, update config takes 0.00 sec 
2024-03-25 10:54:52,181 [Worker-1366: Building] WARN  o.a.m.s.f.DefaultMavenResourcesFiltering - Using platform encoding (MS949 actually) to copy filtered resources, i.e. build is platform dependent!
2024-03-25 10:54:52,182 [Worker-1366: Building] INFO  o.a.m.s.f.DefaultMavenResourcesFiltering - skip non existing resourceDirectory C:\Users\SMHRD\Desktop\JSPstudy\MavenSample04_Final2\src\main\resources
2024-03-25 10:54:52,184 [Worker-1366: Building] WARN  o.a.m.s.f.DefaultMavenResourcesFiltering - Using platform encoding (MS949 actually) to copy filtered resources, i.e. build is platform dependent!
2024-03-25 10:54:52,185 [Worker-1366: Building] INFO  o.a.m.s.f.DefaultMavenResourcesFiltering - skip non existing resourceDirectory C:\Users\SMHRD\Desktop\JSPstudy\MavenSample04_Final2\src\test\resources
2024-03-25 10:54:52,186 [Worker-1366: Building] INFO  o.e.m.w.i.f.ResourceFilteringBuildParticipant - Changed resources require a complete clean of filtered resources of MavenSample04_Final2
2024-03-25 10:54:52,186 [Worker-1366: Building] INFO  o.e.m.w.i.f.ResourceFilteringBuildParticipant - Executing resource filtering for MavenSample04_Final2
2024-03-25 11:03:06,983 [Worker-1361: Building] WARN  o.a.m.s.f.DefaultMavenResourcesFiltering - Using platform encoding (MS949 actually) to copy filtered resources, i.e. build is platform dependent!
2024-03-25 11:03:06,984 [Worker-1361: Building] INFO  o.a.m.s.f.DefaultMavenResourcesFiltering - skip non existing resourceDirectory C:\Users\SMHRD\Desktop\JSPstudy\MavenSample04_Final2\src\main\resources
2024-03-25 11:03:06,985 [Worker-1361: Building] WARN  o.a.m.s.f.DefaultMavenResourcesFiltering - Using platform encoding (MS949 actually) to copy filtered resources, i.e. build is platform dependent!
2024-03-25 11:03:06,985 [Worker-1361: Building] INFO  o.a.m.s.f.DefaultMavenResourcesFiltering - skip non existing resourceDirectory C:\Users\SMHRD\Desktop\JSPstudy\MavenSample04_Final2\src\test\resources
2024-03-25 11:04:15,899 [Worker-1380: Building] WARN  o.a.m.s.f.DefaultMavenResourcesFiltering - Using platform encoding (MS949 actually) to copy filtered resources, i.e. build is platform dependent!
2024-03-25 11:04:15,900 [Worker-1380: Building] INFO  o.a.m.s.f.DefaultMavenResourcesFiltering - skip non existing resourceDirectory C:\Users\SMHRD\Desktop\JSPstudy\MavenSample04_Final2\src\main\resources
2024-03-25 11:04:15,902 [Worker-1380: Building] WARN  o.a.m.s.f.DefaultMavenResourcesFiltering - Using platform encoding (MS949 actually) to copy filtered resources, i.e. build is platform dependent!
2024-03-25 11:04:15,902 [Worker-1380: Building] INFO  o.a.m.s.f.DefaultMavenResourcesFiltering - skip non existing resourceDirectory C:\Users\SMHRD\Desktop\JSPstudy\MavenSample04_Final2\src\test\resources
2024-03-25 11:08:14,702 [Worker-1382: Building] WARN  o.a.m.s.f.DefaultMavenResourcesFiltering - Using platform encoding (MS949 actually) to copy filtered resources, i.e. build is platform dependent!
2024-03-25 11:08:14,703 [Worker-1382: Building] INFO  o.a.m.s.f.DefaultMavenResourcesFiltering - skip non existing resourceDirectory C:\Users\SMHRD\Desktop\JSPstudy\MavenSample04_Final2\src\main\resources
2024-03-25 11:08:14,704 [Worker-1382: Building] WARN  o.a.m.s.f.DefaultMavenResourcesFiltering - Using platform encoding (MS949 actually) to copy filtered resources, i.e. build is platform dependent!
2024-03-25 11:08:14,704 [Worker-1382: Building] INFO  o.a.m.s.f.DefaultMavenResourcesFiltering - skip non existing resourceDirectory C:\Users\SMHRD\Desktop\JSPstudy\MavenSample04_Final2\src\test\resources
2024-03-25 11:32:19,897 [Worker-1392: Building] WARN  o.a.m.s.f.DefaultMavenResourcesFiltering - Using platform encoding (MS949 actually) to copy filtered resources, i.e. build is platform dependent!
2024-03-25 11:32:19,897 [Worker-1392: Building] INFO  o.a.m.s.f.DefaultMavenResourcesFiltering - skip non existing resourceDirectory C:\Users\SMHRD\Desktop\JSPstudy\MavenSample04_Final2\src\main\resources
2024-03-25 11:32:19,898 [Worker-1392: Building] WARN  o.a.m.s.f.DefaultMavenResourcesFiltering - Using platform encoding (MS949 actually) to copy filtered resources, i.e. build is platform dependent!
2024-03-25 11:32:19,898 [Worker-1392: Building] INFO  o.a.m.s.f.DefaultMavenResourcesFiltering - skip non existing resourceDirectory C:\Users\SMHRD\Desktop\JSPstudy\MavenSample04_Final2\src\test\resources
2024-03-25 11:46:05,640 [Worker-1394: Building] WARN  o.a.m.s.f.DefaultMavenResourcesFiltering - Using platform encoding (MS949 actually) to copy filtered resources, i.e. build is platform dependent!
2024-03-25 11:46:05,641 [Worker-1394: Building] INFO  o.a.m.s.f.DefaultMavenResourcesFiltering - skip non existing resourceDirectory C:\Users\SMHRD\Desktop\JSPstudy\MavenSample04_Final2\src\main\resources
2024-03-25 11:46:05,642 [Worker-1394: Building] WARN  o.a.m.s.f.DefaultMavenResourcesFiltering - Using platform encoding (MS949 actually) to copy filtered resources, i.e. build is platform dependent!
2024-03-25 11:46:05,643 [Worker-1394: Building] INFO  o.a.m.s.f.DefaultMavenResourcesFiltering - skip non existing resourceDirectory C:\Users\SMHRD\Desktop\JSPstudy\MavenSample04_Final2\src\test\resources
2024-03-25 11:50:02,626 [Worker-1394: Building] WARN  o.a.m.s.f.DefaultMavenResourcesFiltering - Using platform encoding (MS949 actually) to copy filtered resources, i.e. build is platform dependent!
2024-03-25 11:50:02,627 [Worker-1394: Building] INFO  o.a.m.s.f.DefaultMavenResourcesFiltering - skip non existing resourceDirectory C:\Users\SMHRD\Desktop\JSPstudy\MavenSample04_Final2\src\main\resources
2024-03-25 11:50:02,629 [Worker-1394: Building] WARN  o.a.m.s.f.DefaultMavenResourcesFiltering - Using platform encoding (MS949 actually) to copy filtered resources, i.e. build is platform dependent!
2024-03-25 11:50:02,630 [Worker-1394: Building] INFO  o.a.m.s.f.DefaultMavenResourcesFiltering - skip non existing resourceDirectory C:\Users\SMHRD\Desktop\JSPstudy\MavenSample04_Final2\src\test\resources
2024-03-25 12:32:23,581 [Worker-1412: Download sources and javadoc] INFO  o.e.m.j.internal.DownloadSourcesJob - Downloaded sources for org.mybatis:mybatis:3.5.6
2024-03-25 12:32:23,734 [Worker-1412: Download sources and javadoc] INFO  o.e.m.c.i.e.AbstractTransferListenerAdapter - Downloading https://repo.maven.apache.org/maven2/org/mybatis/mybatis/3.5.6/mybatis-3.5.6-javadoc.jar
2024-03-25 12:32:23,796 [Worker-1412: Download sources and javadoc] INFO  o.e.m.c.i.e.AbstractTransferListenerAdapter - Downloaded https://repo.maven.apache.org/maven2/org/mybatis/mybatis/3.5.6/mybatis-3.5.6-javadoc.jar
2024-03-25 12:32:23,799 [Worker-1412: Download sources and javadoc] INFO  o.e.m.j.internal.DownloadSourcesJob - Downloaded javadoc for org.mybatis:mybatis:3.5.6
2024-03-25 12:32:23,804 [Worker-1412: Download sources and javadoc] INFO  o.e.m.j.internal.DownloadSourcesJob - Downloaded sources for com.mysql:mysql-connector-j:8.3.0
2024-03-25 12:32:23,809 [Worker-1412: Download sources and javadoc] INFO  o.e.m.j.internal.DownloadSourcesJob - Downloaded javadoc for com.mysql:mysql-connector-j:8.3.0
2024-03-25 12:32:23,814 [Worker-1412: Download sources and javadoc] INFO  o.e.m.j.internal.DownloadSourcesJob - Downloaded sources for com.google.protobuf:protobuf-java:3.25.1
2024-03-25 12:32:23,818 [Worker-1412: Download sources and javadoc] INFO  o.e.m.j.internal.DownloadSourcesJob - Downloaded javadoc for com.google.protobuf:protobuf-java:3.25.1
2024-03-25 12:32:23,820 [Worker-1412: Download sources and javadoc] INFO  o.e.m.j.internal.DownloadSourcesJob - Downloaded sources for javax.servlet:jstl:1.2
2024-03-25 12:32:23,825 [Worker-1412: Download sources and javadoc] INFO  o.e.m.j.internal.DownloadSourcesJob - Downloaded sources for com.google.code.gson:gson:2.10.1
2024-03-25 12:32:23,829 [Worker-1412: Download sources and javadoc] INFO  o.e.m.j.internal.DownloadSourcesJob - Downloaded javadoc for com.google.code.gson:gson:2.10.1
2024-03-25 12:32:23,834 [Worker-1412: Download sources and javadoc] INFO  o.e.m.j.internal.DownloadSourcesJob - Downloaded sources for org.mybatis:mybatis:3.5.15
2024-03-25 12:32:23,838 [Worker-1412: Download sources and javadoc] INFO  o.e.m.j.internal.DownloadSourcesJob - Downloaded javadoc for org.mybatis:mybatis:3.5.15
2024-03-25 12:32:23,840 [Worker-1412: Download sources and javadoc] INFO  o.e.m.j.internal.DownloadSourcesJob - Downloaded sources for com.mysql:mysql-connector-j:8.3.0
2024-03-25 12:32:23,846 [Worker-1412: Download sources and javadoc] INFO  o.e.m.j.internal.DownloadSourcesJob - Downloaded javadoc for com.mysql:mysql-connector-j:8.3.0
2024-03-25 12:32:23,848 [Worker-1412: Download sources and javadoc] INFO  o.e.m.j.internal.DownloadSourcesJob - Downloaded sources for com.google.protobuf:protobuf-java:3.25.1
2024-03-25 12:32:23,852 [Worker-1412: Download sources and javadoc] INFO  o.e.m.j.internal.DownloadSourcesJob - Downloaded javadoc for com.google.protobuf:protobuf-java:3.25.1
2024-03-25 12:32:23,854 [Worker-1412: Download sources and javadoc] INFO  o.e.m.j.internal.DownloadSourcesJob - Downloaded sources for javax.servlet:jstl:1.2
2024-03-25 12:32:23,858 [Worker-1412: Download sources and javadoc] INFO  o.e.m.j.internal.DownloadSourcesJob - Downloaded sources for mysql:mysql-connector-java:8.0.28
2024-03-25 12:32:24,092 [Worker-1412: Download sources and javadoc] INFO  o.e.m.c.i.e.AbstractTransferListenerAdapter - Downloaded https://repo.maven.apache.org/maven2/mysql/mysql-connector-java/8.0.28/mysql-connector-java-8.0.28-javadoc.jar
2024-03-25 12:32:24,094 [Worker-1412: Download sources and javadoc] ERROR o.e.m.j.internal.DownloadSourcesJob - Could not download javadoc for mysql:mysql-connector-java:8.0.28
org.eclipse.core.runtime.CoreException: Could not resolve artifact mysql:mysql-connector-java:jar:javadoc:8.0.28
	at org.eclipse.m2e.core.internal.embedder.MavenImpl.lambda$6(MavenImpl.java:584)
	at org.eclipse.m2e.core.internal.embedder.MavenExecutionContext.executeBare(MavenExecutionContext.java:394)
	at org.eclipse.m2e.core.internal.embedder.MavenExecutionContext.execute(MavenExecutionContext.java:228)
	at org.eclipse.m2e.core.internal.embedder.MavenExecutionContext.execute(MavenExecutionContext.java:214)
	at org.eclipse.m2e.core.internal.embedder.MavenImpl.resolve(MavenImpl.java:553)
	at org.eclipse.m2e.core.internal.embedder.MavenImpl.resolve(MavenImpl.java:538)
	at org.eclipse.m2e.jdt.internal.DownloadSourcesJob.download(DownloadSourcesJob.java:308)
	at org.eclipse.m2e.jdt.internal.DownloadSourcesJob.downloadAttachments(DownloadSourcesJob.java:294)
	at org.eclipse.m2e.jdt.internal.DownloadSourcesJob.downloadMaven(DownloadSourcesJob.java:252)
	at org.eclipse.m2e.jdt.internal.DownloadSourcesJob.downloadFilesAndPopulateToUpdate(DownloadSourcesJob.java:220)
	at org.eclipse.m2e.jdt.internal.DownloadSourcesJob.lambda$0(DownloadSourcesJob.java:149)
	at org.eclipse.m2e.core.internal.embedder.MavenExecutionContext.executeBare(MavenExecutionContext.java:394)
	at org.eclipse.m2e.core.internal.embedder.MavenExecutionContext.execute(MavenExecutionContext.java:275)
	at org.eclipse.m2e.core.internal.embedder.MavenExecutionContext.execute(MavenExecutionContext.java:214)
	at org.eclipse.m2e.core.embedder.IMaven.execute(IMaven.java:294)
	at org.eclipse.m2e.jdt.internal.DownloadSourcesJob.run(DownloadSourcesJob.java:149)
	at org.eclipse.core.internal.jobs.Worker.run(Worker.java:63)
2024-03-25 12:32:24,101 [Worker-1412: Download sources and javadoc] INFO  o.e.m.j.internal.DownloadSourcesJob - Downloaded sources for com.google.protobuf:protobuf-java:3.11.4
2024-03-25 12:32:24,132 [Worker-1412: Download sources and javadoc] INFO  o.e.m.c.i.e.AbstractTransferListenerAdapter - Downloading https://repo.maven.apache.org/maven2/com/google/protobuf/protobuf-java/3.11.4/protobuf-java-3.11.4-javadoc.jar
2024-03-25 12:32:24,197 [Worker-1412: Download sources and javadoc] INFO  o.e.m.c.i.e.AbstractTransferListenerAdapter - Downloaded https://repo.maven.apache.org/maven2/com/google/protobuf/protobuf-java/3.11.4/protobuf-java-3.11.4-javadoc.jar
2024-03-25 12:32:24,199 [Worker-1412: Download sources and javadoc] INFO  o.e.m.j.internal.DownloadSourcesJob - Downloaded javadoc for com.google.protobuf:protobuf-java:3.11.4
2024-03-25 12:32:24,202 [Worker-1412: Download sources and javadoc] INFO  o.e.m.j.internal.DownloadSourcesJob - Downloaded sources for javax.servlet:jstl:1.2
2024-03-25 12:32:24,212 [Worker-1412: Download sources and javadoc] INFO  o.e.m.j.internal.DownloadSourcesJob - Downloaded sources for junit:junit:4.11
2024-03-25 12:32:24,217 [Worker-1412: Download sources and javadoc] INFO  o.e.m.j.internal.DownloadSourcesJob - Downloaded javadoc for junit:junit:4.11
2024-03-25 12:32:24,224 [Worker-1412: Download sources and javadoc] INFO  o.e.m.j.internal.DownloadSourcesJob - Downloaded sources for org.hamcrest:hamcrest-core:1.3
2024-03-25 12:32:24,228 [Worker-1412: Download sources and javadoc] INFO  o.e.m.j.internal.DownloadSourcesJob - Downloaded javadoc for org.hamcrest:hamcrest-core:1.3
2024-03-25 12:32:24,230 [Worker-1412: Download sources and javadoc] INFO  o.e.m.j.internal.DownloadSourcesJob - Downloaded sources for org.mybatis:mybatis:3.5.6
2024-03-25 12:32:24,235 [Worker-1412: Download sources and javadoc] INFO  o.e.m.j.internal.DownloadSourcesJob - Downloaded javadoc for org.mybatis:mybatis:3.5.6
2024-03-25 12:32:24,236 [Worker-1412: Download sources and javadoc] INFO  o.e.m.j.internal.DownloadSourcesJob - Downloaded sources for com.mysql:mysql-connector-j:8.3.0
2024-03-25 12:32:24,242 [Worker-1412: Download sources and javadoc] INFO  o.e.m.j.internal.DownloadSourcesJob - Downloaded javadoc for com.mysql:mysql-connector-j:8.3.0
2024-03-25 12:32:24,245 [Worker-1412: Download sources and javadoc] INFO  o.e.m.j.internal.DownloadSourcesJob - Downloaded sources for com.google.protobuf:protobuf-java:3.25.1
2024-03-25 12:32:24,249 [Worker-1412: Download sources and javadoc] INFO  o.e.m.j.internal.DownloadSourcesJob - Downloaded javadoc for com.google.protobuf:protobuf-java:3.25.1
2024-03-25 12:32:24,251 [Worker-1412: Download sources and javadoc] INFO  o.e.m.j.internal.DownloadSourcesJob - Downloaded sources for javax.servlet:jstl:1.2
2024-03-25 12:32:24,253 [Worker-1412: Download sources and javadoc] INFO  o.e.m.j.internal.DownloadSourcesJob - Downloaded sources for org.mybatis:mybatis:3.5.6
2024-03-25 12:32:24,257 [Worker-1412: Download sources and javadoc] INFO  o.e.m.j.internal.DownloadSourcesJob - Downloaded javadoc for org.mybatis:mybatis:3.5.6
2024-03-25 12:32:24,258 [Worker-1412: Download sources and javadoc] INFO  o.e.m.j.internal.DownloadSourcesJob - Downloaded sources for com.mysql:mysql-connector-j:8.3.0
2024-03-25 12:32:24,262 [Worker-1412: Download sources and javadoc] INFO  o.e.m.j.internal.DownloadSourcesJob - Downloaded javadoc for com.mysql:mysql-connector-j:8.3.0
2024-03-25 12:32:24,264 [Worker-1412: Download sources and javadoc] INFO  o.e.m.j.internal.DownloadSourcesJob - Downloaded sources for com.google.protobuf:protobuf-java:3.25.1
2024-03-25 12:32:24,269 [Worker-1412: Download sources and javadoc] INFO  o.e.m.j.internal.DownloadSourcesJob - Downloaded javadoc for com.google.protobuf:protobuf-java:3.25.1
2024-03-25 12:32:24,271 [Worker-1412: Download sources and javadoc] INFO  o.e.m.j.internal.DownloadSourcesJob - Downloaded sources for javax.servlet:jstl:1.2
2024-03-29 09:54:38,603 [main] WARN  org.eclipse.jgit.lib.Repository - close() called when useCnt is already zero for Repository[C:\Users\SMHRD\git\Connect\.git]
2024-03-29 09:55:56,772 [Worker-1919: Remove Repositories] WARN  org.eclipse.jgit.lib.Repository - close() called when useCnt is already zero for Repository[C:\Users\SMHRD\git\Connect\.git]
2024-03-29 10:52:32,155 [Stop Help Server] INFO  org.eclipse.jetty.server.Server - Stopped oejs.Server@59c3f26b{STOPPING}[12.0.3,sto=0]
2024-03-29 10:52:32,167 [Stop Help Server] INFO  o.e.jetty.server.AbstractConnector - Stopped ServerConnector@235b552d{HTTP/1.1, (http/1.1)}{127.0.0.1:0}
2024-03-29 11:01:44,973 [Worker-4: Loading available Gradle versions] INFO  o.e.b.c.i.u.g.PublishedGradleVersions - Gradle version information cache is out-of-date. Trying to update.
2024-03-29 11:12:35,608 [Worker-7: Loading available Gradle versions] INFO  o.e.b.c.i.u.g.PublishedGradleVersions - Gradle version information cache is up-to-date. Trying to read.
2024-03-29 11:15:03,532 [Worker-6: Loading available Gradle versions] INFO  o.e.b.c.i.u.g.PublishedGradleVersions - Gradle version information cache is up-to-date. Trying to read.
2024-04-02 17:27:08,356 [Worker-1: Loading available Gradle versions] INFO  o.e.b.c.i.u.g.PublishedGradleVersions - Gradle version information cache is up-to-date. Trying to read.
2024-04-04 14:23:00,398 [Worker-2: Loading available Gradle versions] INFO  o.e.b.c.i.u.g.PublishedGradleVersions - Gradle version information cache is out-of-date. Trying to update.
2024-04-11 17:49:14,723 [Worker-7: Loading available Gradle versions] INFO  o.e.b.c.i.u.g.PublishedGradleVersions - Gradle version information cache is out-of-date. Trying to update.
2024-04-15 09:05:56,288 [Worker-1: Loading available Gradle versions] INFO  o.e.b.c.i.u.g.PublishedGradleVersions - Gradle version information cache is out-of-date. Trying to update.
2024-04-17 09:10:55,534 [Worker-2: Loading available Gradle versions] INFO  o.e.b.c.i.u.g.PublishedGradleVersions - Gradle version information cache is up-to-date. Trying to read.
2024-04-18 16:37:21,365 [Worker-5: Loading available Gradle versions] INFO  o.e.b.c.i.u.g.PublishedGradleVersions - Gradle version information cache is up-to-date. Trying to read.
